[01m[K/home/mbsaloka/Desktop/ros2_ichiro_task/src/robot_localization/src/RobotLocalization.cpp:[m[K In member function â€˜[01m[Kvoid RobotLocalization::mcl()[m[Kâ€™:
[01m[K/home/mbsaloka/Desktop/ros2_ichiro_task/src/robot_localization/src/RobotLocalization.cpp:85:13:[m[K [01;31m[Kerror: [m[Kexpected primary-expression before â€˜[01m[K<<[m[Kâ€™ token
   85 |             [01;31m[K<<[m[K recognized_objects_.size() << std::endl;
      |             [01;31m[K^~[m[K
gmake[2]: *** [CMakeFiles/localization.dir/build.make:76: CMakeFiles/localization.dir/src/RobotLocalization.cpp.o] Error 1
gmake[1]: *** [CMakeFiles/Makefile2:225: CMakeFiles/localization.dir/all] Error 2
gmake: *** [Makefile:146: all] Error 2
