[35m[1mConsolidate compiler generated dependencies of target localization[0m
[ 37%] Built target robot_controller
[ 50%] Built target object_recognizer
[ 75%] Built target robot_localization
[ 87%] [32mBuilding CXX object CMakeFiles/localization.dir/src/RobotLocalization.cpp.o[0m
[01m[K/home/mbsaloka/Desktop/ros2_ichiro_task/src/robot_localization/src/RobotLocalization.cpp:[m[K In member function â€˜[01m[Kvoid RobotLocalization::mcl()[m[Kâ€™:
[01m[K/home/mbsaloka/Desktop/ros2_ichiro_task/src/robot_localization/src/RobotLocalization.cpp:113:13:[m[K [01;31m[Kerror: [m[Kâ€˜[01m[Kf[m[Kâ€™ was not declared in this scope
  113 |             [01;31m[Kf[m[K for (int i = 0; i < num_particles_; ++i) {
      |             [01;31m[K^[m[K
[01m[K/home/mbsaloka/Desktop/ros2_ichiro_task/src/robot_localization/src/RobotLocalization.cpp:113:31:[m[K [01;31m[Kerror: [m[Kâ€˜[01m[Ki[m[Kâ€™ was not declared in this scope
  113 |             f for (int i = 0; [01;31m[Ki[m[K < num_particles_; ++i) {
      |                               [01;31m[K^[m[K
gmake[2]: *** [CMakeFiles/localization.dir/build.make:76: CMakeFiles/localization.dir/src/RobotLocalization.cpp.o] Error 1
gmake[1]: *** [CMakeFiles/Makefile2:195: CMakeFiles/localization.dir/all] Error 2
gmake: *** [Makefile:146: all] Error 2
