[0.044s] Invoking command in '/home/mbsaloka/Desktop/ros2_ichiro_task/build/robot_localization': AMENT_PREFIX_PATH=/home/mbsaloka/Desktop/ros2_ichiro_task/install/my_interfaces:${AMENT_PREFIX_PATH} CMAKE_PREFIX_PATH=/home/mbsaloka/Desktop/ros2_ichiro_task/install/my_interfaces:/opt/ros/iron LD_LIBRARY_PATH=/home/mbsaloka/Desktop/ros2_ichiro_task/install/my_interfaces/lib:${LD_LIBRARY_PATH} PYTHONPATH=/home/mbsaloka/Desktop/ros2_ichiro_task/install/my_interfaces/lib/python3.10/site-packages:${PYTHONPATH} /usr/bin/cmake --build /home/mbsaloka/Desktop/ros2_ichiro_task/build/robot_localization -- -j16 -l16
[0.109s] [35m[1mConsolidate compiler generated dependencies of target localization[0m
[0.123s] [ 37%] Built target robot_controller
[0.124s] [ 50%] Built target object_recognizer
[0.124s] [ 75%] Built target robot_localization
[0.126s] [ 87%] [32mBuilding CXX object CMakeFiles/localization.dir/src/RobotLocalization.cpp.o[0m
[2.452s] [01m[K/home/mbsaloka/Desktop/ros2_ichiro_task/src/robot_localization/src/RobotLocalization.cpp:[m[K In member function â€˜[01m[Kvoid RobotLocalization::mcl()[m[Kâ€™:
[2.452s] [01m[K/home/mbsaloka/Desktop/ros2_ichiro_task/src/robot_localization/src/RobotLocalization.cpp:113:13:[m[K [01;31m[Kerror: [m[Kâ€˜[01m[Kf[m[Kâ€™ was not declared in this scope
[2.452s]   113 |             [01;31m[Kf[m[K for (int i = 0; i < num_particles_; ++i) {
[2.452s]       |             [01;31m[K^[m[K
[2.455s] [01m[K/home/mbsaloka/Desktop/ros2_ichiro_task/src/robot_localization/src/RobotLocalization.cpp:113:31:[m[K [01;31m[Kerror: [m[Kâ€˜[01m[Ki[m[Kâ€™ was not declared in this scope
[2.455s]   113 |             f for (int i = 0; [01;31m[Ki[m[K < num_particles_; ++i) {
[2.455s]       |                               [01;31m[K^[m[K
[4.227s] gmake[2]: *** [CMakeFiles/localization.dir/build.make:76: CMakeFiles/localization.dir/src/RobotLocalization.cpp.o] Error 1
[4.228s] gmake[1]: *** [CMakeFiles/Makefile2:195: CMakeFiles/localization.dir/all] Error 2
[4.228s] gmake: *** [Makefile:146: all] Error 2
[4.230s] Invoked command in '/home/mbsaloka/Desktop/ros2_ichiro_task/build/robot_localization' returned '2': AMENT_PREFIX_PATH=/home/mbsaloka/Desktop/ros2_ichiro_task/install/my_interfaces:${AMENT_PREFIX_PATH} CMAKE_PREFIX_PATH=/home/mbsaloka/Desktop/ros2_ichiro_task/install/my_interfaces:/opt/ros/iron LD_LIBRARY_PATH=/home/mbsaloka/Desktop/ros2_ichiro_task/install/my_interfaces/lib:${LD_LIBRARY_PATH} PYTHONPATH=/home/mbsaloka/Desktop/ros2_ichiro_task/install/my_interfaces/lib/python3.10/site-packages:${PYTHONPATH} /usr/bin/cmake --build /home/mbsaloka/Desktop/ros2_ichiro_task/build/robot_localization -- -j16 -l16
